This file contains any messages produced by compilers while
running configure, to aid debugging if configure makes a mistake.

It was created by libogg configure 1.3.3, which was
generated by GNU Autoconf 2.69.  Invocation command line was

  $ ./configure --prefix=/home/gabriel/Programmierung/easyrpg/easyrpg-libretro/lib --disable-shared --enable-static --disable-dependency-tracking --enable-silent-rules --host= --cache-file=/home/gabriel/Programmierung/easyrpg/easyrpg-libretro/lib/config.cache

## --------- ##
## Platform. ##
## --------- ##

hostname = Schleppi
uname -m = x86_64
uname -r = 4.17.3-1-ARCH
uname -s = Linux
uname -v = #1 SMP PREEMPT Tue Jun 26 04:42:36 UTC 2018

/usr/bin/uname -p = unknown
/bin/uname -X     = unknown

/bin/arch              = unknown
/usr/bin/arch -k       = unknown
/usr/convex/getsysinfo = unknown
/usr/bin/hostinfo      = unknown
/bin/machine           = unknown
/usr/bin/oslevel       = unknown
/bin/universe          = unknown

PATH: /usr/lib/emscripten
PATH: /usr/lib/emscripten
PATH: /bin
PATH: /usr/bin
PATH: /usr/local/bin
PATH: /usr/bin/site_perl
PATH: /usr/bin/vendor_perl
PATH: /usr/bin/core_perl


## ----------- ##
## Core tests. ##
## ----------- ##

configure:2337: loading cache /home/gabriel/Programmierung/easyrpg/easyrpg-libretro/lib/config.cache
configure:2466: checking for a BSD-compatible install
configure:2534: result: /bin/install -c
configure:2545: checking whether build environment is sane
configure:2600: result: yes
configure:2751: checking for a thread-safe mkdir -p
configure:2790: result: /bin/mkdir -p
configure:2797: checking for gawk
configure:2824: result: gawk
configure:2835: checking whether make sets $(MAKE)
configure:2857: result: yes
configure:2886: checking whether make supports nested variables
configure:2903: result: yes
configure:3030: checking whether to enable maintainer-specific portions of Makefiles
configure:3039: result: yes
configure:3109: checking for gcc
configure:3136: result: ccache cc
configure:3365: checking for C compiler version
configure:3374: ccache cc --version >&5
cc (GCC) 8.1.1 20180531
Copyright (C) 2018 Free Software Foundation, Inc.
This is free software; see the source for copying conditions.  There is NO
warranty; not even for MERCHANTABILITY or FITNESS FOR A PARTICULAR PURPOSE.

configure:3385: $? = 0
configure:3374: ccache cc -v >&5
Using built-in specs.
COLLECT_GCC=/bin/cc
COLLECT_LTO_WRAPPER=/usr/lib/gcc/x86_64-pc-linux-gnu/8.1.1/lto-wrapper
Target: x86_64-pc-linux-gnu
Configured with: /build/gcc/src/gcc/configure --prefix=/usr --libdir=/usr/lib --libexecdir=/usr/lib --mandir=/usr/share/man --infodir=/usr/share/info --with-bugurl=https://bugs.archlinux.org/ --enable-languages=c,c++,ada,fortran,go,lto,objc,obj-c++ --enable-shared --enable-threads=posix --enable-libmpx --with-system-zlib --with-isl --enable-__cxa_atexit --disable-libunwind-exceptions --enable-clocale=gnu --disable-libstdcxx-pch --disable-libssp --enable-gnu-unique-object --enable-linker-build-id --enable-lto --enable-plugin --enable-install-libiberty --with-linker-hash-style=gnu --enable-gnu-indirect-function --enable-multilib --disable-werror --enable-checking=release --enable-default-pie --enable-default-ssp
Thread model: posix
gcc version 8.1.1 20180531 (GCC) 
configure:3385: $? = 0
configure:3374: ccache cc -V >&5
cc: error: unrecognized command line option '-V'
cc: fatal error: no input files
compilation terminated.
configure:3385: $? = 1
configure:3374: ccache cc -qversion >&5
cc: error: unrecognized command line option '-qversion'; did you mean '--version'?
cc: fatal error: no input files
compilation terminated.
configure:3385: $? = 1
configure:3405: checking whether the C compiler works
configure:3427: ccache cc -D__LIBRETRO__ -fPIC  -DUSE_LIBRETRO  -I/home/gabriel/Programmierung/easyrpg/easyrpg-libretro/lib/include  -L/home/gabriel/Programmierung/easyrpg/easyrpg-libretro/lib/lib  conftest.c  >&5
configure:3431: $? = 0
configure:3479: result: yes
configure:3482: checking for C compiler default output file name
configure:3484: result: a.out
configure:3490: checking for suffix of executables
configure:3497: ccache cc -o conftest -D__LIBRETRO__ -fPIC  -DUSE_LIBRETRO  -I/home/gabriel/Programmierung/easyrpg/easyrpg-libretro/lib/include  -L/home/gabriel/Programmierung/easyrpg/easyrpg-libretro/lib/lib  conftest.c  >&5
configure:3501: $? = 0
configure:3523: result: 
configure:3545: checking whether we are cross compiling
configure:3553: ccache cc -o conftest -D__LIBRETRO__ -fPIC  -DUSE_LIBRETRO  -I/home/gabriel/Programmierung/easyrpg/easyrpg-libretro/lib/include  -L/home/gabriel/Programmierung/easyrpg/easyrpg-libretro/lib/lib  conftest.c  >&5
configure:3557: $? = 0
configure:3564: ./conftest
configure:3568: $? = 0
configure:3583: result: no
configure:3588: checking for suffix of object files
configure:3635: result: o
configure:3639: checking whether we are using the GNU C compiler
configure:3667: result: yes
configure:3676: checking whether ccache cc accepts -g
configure:3737: result: yes
configure:3754: checking for ccache cc option to accept ISO C89
configure:3830: result: none needed
configure:3855: checking whether ccache cc understands -c and -o together
configure:3892: result: yes
configure:3920: checking for style of include used by make
configure:3948: result: GNU
configure:3974: checking dependency style of ccache cc
configure:4085: result: none
configure:4129: checking build system type
configure:4143: result: x86_64-pc-linux-gnu
configure:4163: checking host system type
configure:4176: result: x86_64-pc-linux-gnu
configure:4217: checking how to print strings
configure:4244: result: printf
configure:4265: checking for a sed that does not truncate output
configure:4329: result: /bin/sed
configure:4347: checking for grep that handles long lines and -e
configure:4405: result: /bin/grep
configure:4410: checking for egrep
configure:4472: result: /bin/grep -E
configure:4477: checking for fgrep
configure:4539: result: /bin/grep -F
configure:4574: checking for ld used by ccache cc
configure:4641: result: /bin/ld
configure:4648: checking if the linker (/bin/ld) is GNU ld
configure:4663: result: yes
configure:4675: checking for BSD- or MS-compatible name lister (nm)
configure:4729: result: /bin/nm -B
configure:4859: checking the name lister (/bin/nm -B) interface
configure:4879: result: BSD nm
configure:4882: checking whether ln -s works
configure:4886: result: yes
configure:4894: checking the maximum length of command line arguments
configure:5025: result: 1572864
configure:5073: checking how to convert x86_64-pc-linux-gnu file names to x86_64-pc-linux-gnu format
configure:5113: result: func_convert_file_noop
configure:5120: checking how to convert x86_64-pc-linux-gnu file names to toolchain format
configure:5140: result: func_convert_file_noop
configure:5147: checking for /bin/ld option to reload object files
configure:5154: result: -r
configure:5228: checking for objdump
configure:5255: result: objdump
configure:5287: checking how to recognize dependent libraries
configure:5487: result: pass_all
configure:5572: checking for dlltool
configure:5602: result: no
configure:5632: checking how to associate runtime and link libraries
configure:5659: result: printf %s\n
configure:5720: checking for ar
configure:5747: result: ar
configure:5800: checking for archiver @FILE support
configure:5843: result: @
configure:5901: checking for strip
configure:5928: result: strip
configure:6000: checking for ranlib
configure:6027: result: ranlib
configure:6129: checking command to parse /bin/nm -B output from ccache cc object
configure:6399: result: ok
configure:6446: checking for sysroot
configure:6476: result: no
configure:6483: checking for a working dd
configure:6521: result: /bin/dd
configure:6525: checking how to truncate binary pipes
configure:6540: result: /bin/dd bs=4096 count=1
configure:6676: ccache cc -c -D__LIBRETRO__ -fPIC  -DUSE_LIBRETRO  -I/home/gabriel/Programmierung/easyrpg/easyrpg-libretro/lib/include  conftest.c >&5
configure:6679: $? = 0
configure:6869: checking for mt
configure:6899: result: no
configure:6919: checking if : is a manifest tool
configure:6933: result: no
configure:7610: checking how to run the C preprocessor
configure:7680: result: ccache cc -E
configure:7700: ccache cc -E -I/home/gabriel/Programmierung/easyrpg/easyrpg-libretro/lib/include  conftest.c
configure:7700: $? = 0
configure:7714: ccache cc -E -I/home/gabriel/Programmierung/easyrpg/easyrpg-libretro/lib/include  conftest.c
conftest.c:11:10: fatal error: ac_nonexistent.h: No such file or directory
 #include <ac_nonexistent.h>
          ^~~~~~~~~~~~~~~~~~
compilation terminated.
configure:7714: $? = 1
configure: failed program was:
| /* confdefs.h */
| #define PACKAGE_NAME "libogg"
| #define PACKAGE_TARNAME "libogg"
| #define PACKAGE_VERSION "1.3.3"
| #define PACKAGE_STRING "libogg 1.3.3"
| #define PACKAGE_BUGREPORT "ogg-dev@xiph.org"
| #define PACKAGE_URL ""
| #define PACKAGE "libogg"
| #define VERSION "1.3.3"
| /* end confdefs.h.  */
| #include <ac_nonexistent.h>
configure:7743: checking for ANSI C header files
configure:7847: result: yes
configure:7860: checking for sys/types.h
configure:7860: result: yes
configure:7860: checking for sys/stat.h
configure:7860: result: yes
configure:7860: checking for stdlib.h
configure:7860: result: yes
configure:7860: checking for string.h
configure:7860: result: yes
configure:7860: checking for memory.h
configure:7860: result: yes
configure:7860: checking for strings.h
configure:7860: result: yes
configure:7860: checking for inttypes.h
configure:7860: result: yes
configure:7860: checking for stdint.h
configure:7860: result: yes
configure:7860: checking for unistd.h
configure:7860: result: yes
configure:7874: checking for dlfcn.h
configure:7874: result: yes
configure:8130: checking for objdir
configure:8145: result: .libs
configure:8405: checking if ccache cc supports -fno-rtti -fno-exceptions
configure:8440: result: no
configure:8798: checking for ccache cc option to produce PIC
configure:8805: result: -fPIC -DPIC
configure:8813: checking if ccache cc PIC flag -fPIC -DPIC works
configure:8848: result: yes
configure:8877: checking if ccache cc static flag -static works
configure:8905: result: yes
configure:8920: checking if ccache cc supports -c -o file.o
configure:8967: result: yes
configure:8975: checking if ccache cc supports -c -o file.o
configure:9022: result: yes
configure:9055: checking whether the ccache cc linker (/bin/ld -m elf_x86_64) supports shared libraries
configure:10316: result: yes
configure:10556: checking dynamic linker characteristics
configure:11374: result: GNU/Linux ld.so
configure:11496: checking how to hardcode library paths into programs
configure:11521: result: immediate
configure:12069: checking whether stripping libraries is possible
configure:12078: result: yes
configure:12120: checking if libtool supports shared libraries
configure:12122: result: yes
configure:12125: checking whether to build shared libraries
configure:12150: result: no
configure:12153: checking whether to build static libraries
configure:12157: result: yes
configure:12246: checking for ANSI C header files
configure:12350: result: yes
configure:12361: checking for inttypes.h
configure:12361: result: yes
configure:12367: checking for stdint.h
configure:12367: result: yes
configure:12373: checking for sys/types.h
configure:12373: result: yes
configure:12380: checking for an ANSI C-conforming const
configure:12453: result: yes
configure:12467: checking size of int16_t
configure:12486: result: 2
configure:12500: checking size of uint16_t
configure:12519: result: 2
configure:12533: checking size of u_int16_t
configure:12552: result: 2
configure:12566: checking size of int32_t
configure:12585: result: 4
configure:12599: checking size of uint32_t
configure:12618: result: 4
configure:12632: checking size of u_int32_t
configure:12651: result: 4
configure:12665: checking size of int64_t
configure:12684: result: 8
configure:12698: checking size of short
configure:12717: result: 2
configure:12731: checking size of int
configure:12750: result: 4
configure:12764: checking size of long
configure:12783: result: 8
configure:12797: checking size of long long
configure:12816: result: 8
configure:12879: checking for working memcmp
configure:12932: result: yes
configure:13073: checking that generated files are newer than configure
configure:13079: result: done
configure:13106: creating ./config.status

## ---------------------- ##
## Running config.status. ##
## ---------------------- ##

This file was extended by libogg config.status 1.3.3, which was
generated by GNU Autoconf 2.69.  Invocation command line was

  CONFIG_FILES    = 
  CONFIG_HEADERS  = 
  CONFIG_LINKS    = 
  CONFIG_COMMANDS = 
  $ ./config.status 

on Schleppi

config.status:1123: creating Makefile
config.status:1123: creating src/Makefile
config.status:1123: creating doc/Makefile
config.status:1123: creating doc/libogg/Makefile
config.status:1123: creating include/Makefile
config.status:1123: creating include/ogg/Makefile
config.status:1123: creating include/ogg/config_types.h
config.status:1123: creating libogg.spec
config.status:1123: creating ogg.pc
config.status:1123: creating ogg-uninstalled.pc
config.status:1123: creating config.h
config.status:1304: config.h is unchanged
config.status:1352: executing depfiles commands
config.status:1352: executing libtool commands

## ---------------- ##
## Cache variables. ##
## ---------------- ##

ac_cv_build=x86_64-pc-linux-gnu
ac_cv_c_bigendian=no
ac_cv_c_compiler_gnu=yes
ac_cv_c_const=yes
ac_cv_c_inline=inline
ac_cv_c_restrict=__restrict
ac_cv_env_CCASFLAGS_set=
ac_cv_env_CCASFLAGS_value=
ac_cv_env_CCAS_set=
ac_cv_env_CCAS_value=
ac_cv_env_CC_set=set
ac_cv_env_CC_value='ccache cc'
ac_cv_env_CFLAGS_set=set
ac_cv_env_CFLAGS_value='-D__LIBRETRO__ -fPIC  -DUSE_LIBRETRO '
ac_cv_env_CPPFLAGS_set=set
ac_cv_env_CPPFLAGS_value='-I/home/gabriel/Programmierung/easyrpg/easyrpg-libretro/lib/include '
ac_cv_env_CPP_set=
ac_cv_env_CPP_value=
ac_cv_env_GTK_CFLAGS_set=
ac_cv_env_GTK_CFLAGS_value=
ac_cv_env_GTK_LIBS_set=
ac_cv_env_GTK_LIBS_value=
ac_cv_env_LDFLAGS_set=set
ac_cv_env_LDFLAGS_value='-L/home/gabriel/Programmierung/easyrpg/easyrpg-libretro/lib/lib '
ac_cv_env_LIBS_set=
ac_cv_env_LIBS_value=
ac_cv_env_LT_SYS_LIBRARY_PATH_set=
ac_cv_env_LT_SYS_LIBRARY_PATH_value=
ac_cv_env_PKG_CONFIG_LIBDIR_set=set
ac_cv_env_PKG_CONFIG_LIBDIR_value=/home/gabriel/Programmierung/easyrpg/easyrpg-libretro/lib/lib/pkgconfig
ac_cv_env_PKG_CONFIG_PATH_set=set
ac_cv_env_PKG_CONFIG_PATH_value=/home/gabriel/Programmierung/easyrpg/easyrpg-libretro/lib/lib/pkgconfig
ac_cv_env_PKG_CONFIG_set=
ac_cv_env_PKG_CONFIG_value=
ac_cv_env_PNG_CFLAGS_set=
ac_cv_env_PNG_CFLAGS_value=
ac_cv_env_PNG_COPTS_set=
ac_cv_env_PNG_COPTS_value=
ac_cv_env_PNG_LIBS_set=
ac_cv_env_PNG_LIBS_value=
ac_cv_env_build_alias_set=
ac_cv_env_build_alias_value=
ac_cv_env_host_alias_set=set
ac_cv_env_host_alias_value=
ac_cv_env_target_alias_set=
ac_cv_env_target_alias_value=
ac_cv_func_alarm=yes
ac_cv_func_clock_gettime=yes
ac_cv_func_feenableexcept=yes
ac_cv_func_getisax=no
ac_cv_func_getpagesize=yes
ac_cv_func_gettimeofday=yes
ac_cv_func_memcmp_working=yes
ac_cv_func_memset=yes
ac_cv_func_mmap=yes
ac_cv_func_mprotect=yes
ac_cv_func_posix_memalign=yes
ac_cv_func_pow=no
ac_cv_func_sigaction=yes
ac_cv_func_strtod=yes
ac_cv_have_decl_FE_DIVBYZERO=yes
ac_cv_have_decl___SUNPRO_C=no
ac_cv_have_decl___amd64=yes
ac_cv_header_dlfcn_h=yes
ac_cv_header_fenv_h=yes
ac_cv_header_inttypes_h=yes
ac_cv_header_memory_h=yes
ac_cv_header_stdc=yes
ac_cv_header_stdint_h=yes
ac_cv_header_stdlib_h=yes
ac_cv_header_string_h=yes
ac_cv_header_strings_h=yes
ac_cv_header_sys_mman_h=yes
ac_cv_header_sys_stat_h=yes
ac_cv_header_sys_time_h=yes
ac_cv_header_sys_types_h=yes
ac_cv_header_unistd_h=yes
ac_cv_host=x86_64-pc-linux-gnu
ac_cv_lib_m_feenableexcept=yes
ac_cv_lib_m_pow=yes
ac_cv_lib_pixman_1_pixman_version_string=yes
ac_cv_lib_z_zlibVersion=yes
ac_cv_objext=o
ac_cv_path_EGREP='/bin/grep -E'
ac_cv_path_FGREP='/bin/grep -F'
ac_cv_path_GREP=/bin/grep
ac_cv_path_SED=/bin/sed
ac_cv_path_ac_pt_PKG_CONFIG=/bin/pkg-config
ac_cv_path_install='/bin/install -c'
ac_cv_path_lt_DD=/bin/dd
ac_cv_path_mkdir=/bin/mkdir
ac_cv_prog_AWK=gawk
ac_cv_prog_CPP='ccache cc -E'
ac_cv_prog_ac_ct_AR=ar
ac_cv_prog_ac_ct_CC='ccache cc'
ac_cv_prog_ac_ct_OBJDUMP=objdump
ac_cv_prog_ac_ct_RANLIB=ranlib
ac_cv_prog_ac_ct_STRIP=strip
ac_cv_prog_c_openmp=-fopenmp
ac_cv_prog_cc_c89=
ac_cv_prog_cc_g=yes
ac_cv_prog_make_make_set=yes
ac_cv_search_sqrtf=-lm
ac_cv_sizeof_int16_t=2
ac_cv_sizeof_int32_t=4
ac_cv_sizeof_int64_t=8
ac_cv_sizeof_int=4
ac_cv_sizeof_long=8
ac_cv_sizeof_long_long=8
ac_cv_sizeof_short=2
ac_cv_sizeof_u_int16_t=2
ac_cv_sizeof_u_int32_t=4
ac_cv_sizeof_uint16_t=2
ac_cv_sizeof_uint32_t=4
ac_cv_struct_tm=time.h
ac_cv_tls=__thread
ac_cv_type_size_t=yes
am_cv_CCAS_dependencies_compiler_type=none
am_cv_CC_dependencies_compiler_type=none
am_cv_make_support_nested_variables=yes
am_cv_prog_cc_c_o=yes
lt_cv_ar_at_file=@
lt_cv_deplibs_check_method=pass_all
lt_cv_file_magic_cmd='$MAGIC_CMD'
lt_cv_file_magic_test_file=
lt_cv_ld_reload_flag=-r
lt_cv_nm_interface='BSD nm'
lt_cv_objdir=.libs
lt_cv_path_LD=/bin/ld
lt_cv_path_NM='/bin/nm -B'
lt_cv_path_mainfest_tool=no
lt_cv_prog_compiler_c_o=yes
lt_cv_prog_compiler_pic='-fPIC -DPIC'
lt_cv_prog_compiler_pic_works=yes
lt_cv_prog_compiler_rtti_exceptions=no
lt_cv_prog_compiler_static_works=yes
lt_cv_prog_gnu_ld=yes
lt_cv_sharedlib_from_linklib_cmd='printf %s\n'
lt_cv_shlibpath_overrides_runpath=no
lt_cv_sys_global_symbol_pipe='sed -n -e '\''s/^.*[	 ]\([ABCDGIRSTW][ABCDGIRSTW]*\)[	 ][	 ]*\([_A-Za-z][_A-Za-z0-9]*\)$/\1 \2 \2/p'\'' | sed '\''/ __gnu_lto/d'\'''
lt_cv_sys_global_symbol_to_c_name_address='sed -n -e '\''s/^: \(.*\) .*$/  {"\1", (void *) 0},/p'\'' -e '\''s/^[ABCDGIRSTW][ABCDGIRSTW]* .* \(.*\)$/  {"\1", (void *) \&\1},/p'\'''
lt_cv_sys_global_symbol_to_c_name_address_lib_prefix='sed -n -e '\''s/^: \(.*\) .*$/  {"\1", (void *) 0},/p'\'' -e '\''s/^[ABCDGIRSTW][ABCDGIRSTW]* .* \(lib.*\)$/  {"\1", (void *) \&\1},/p'\'' -e '\''s/^[ABCDGIRSTW][ABCDGIRSTW]* .* \(.*\)$/  {"lib\1", (void *) \&\1},/p'\'''
lt_cv_sys_global_symbol_to_cdecl='sed -n -e '\''s/^T .* \(.*\)$/extern int \1();/p'\'' -e '\''s/^[ABCDGIRSTW][ABCDGIRSTW]* .* \(.*\)$/extern char \1;/p'\'''
lt_cv_sys_global_symbol_to_import=
lt_cv_sys_max_cmd_len=1572864
lt_cv_to_host_file_cmd=func_convert_file_noop
lt_cv_to_tool_file_cmd=func_convert_file_noop
lt_cv_truncate_bin='/bin/dd bs=4096 count=1'

## ----------------- ##
## Output variables. ##
## ----------------- ##

ACLOCAL='${SHELL} /home/gabriel/Programmierung/easyrpg/easyrpg-libretro/lib/libogg-1.3.3/missing aclocal-1.15'
AMDEPBACKSLASH=''
AMDEP_FALSE=''
AMDEP_TRUE='#'
AMTAR='$${TAR-tar}'
AM_BACKSLASH='\'
AM_DEFAULT_V='$(AM_DEFAULT_VERBOSITY)'
AM_DEFAULT_VERBOSITY='0'
AM_V='$(V)'
AR='ar'
AUTOCONF='${SHELL} /home/gabriel/Programmierung/easyrpg/easyrpg-libretro/lib/libogg-1.3.3/missing autoconf'
AUTOHEADER='${SHELL} /home/gabriel/Programmierung/easyrpg/easyrpg-libretro/lib/libogg-1.3.3/missing autoheader'
AUTOMAKE='${SHELL} /home/gabriel/Programmierung/easyrpg/easyrpg-libretro/lib/libogg-1.3.3/missing automake-1.15'
AWK='gawk'
CC='ccache cc'
CCDEPMODE='depmode=none'
CFLAGS='-O20 -Wall -ffast-math -fsigned-char -D__LIBRETRO__ -fPIC  -DUSE_LIBRETRO '
CPP='ccache cc -E'
CPPFLAGS='-I/home/gabriel/Programmierung/easyrpg/easyrpg-libretro/lib/include '
CYGPATH_W='echo'
DEBUG='-g -Wall -fsigned-char -D__LIBRETRO__ -fPIC  -DUSE_LIBRETRO '
DEFS='-DHAVE_CONFIG_H'
DEPDIR='.deps'
DLLTOOL='false'
DSYMUTIL=''
DUMPBIN=''
ECHO_C=''
ECHO_N='-n'
ECHO_T=''
EGREP='/bin/grep -E'
EXEEXT=''
FGREP='/bin/grep -F'
GREP='/bin/grep'
INCLUDE_INTTYPES_H='1'
INCLUDE_STDINT_H='1'
INCLUDE_SYS_TYPES_H='1'
INSTALL_DATA='${INSTALL} -m 644'
INSTALL_PROGRAM='${INSTALL}'
INSTALL_SCRIPT='${INSTALL}'
INSTALL_STRIP_PROGRAM='$(install_sh) -c -s'
LD='/bin/ld -m elf_x86_64'
LDFLAGS='-L/home/gabriel/Programmierung/easyrpg/easyrpg-libretro/lib/lib '
LIBOBJS=''
LIBS=''
LIBTOOL='$(SHELL) $(top_builddir)/libtool'
LIBTOOL_DEPS='./ltmain.sh'
LIB_AGE='8'
LIB_CURRENT='8'
LIB_REVISION='3'
LIPO=''
LN_S='ln -s'
LTLIBOBJS=''
LT_SYS_LIBRARY_PATH=''
MAINT=''
MAINTAINER_MODE_FALSE='#'
MAINTAINER_MODE_TRUE=''
MAKEINFO='${SHELL} /home/gabriel/Programmierung/easyrpg/easyrpg-libretro/lib/libogg-1.3.3/missing makeinfo'
MANIFEST_TOOL=':'
MKDIR_P='/bin/mkdir -p'
NM='/bin/nm -B'
NMEDIT=''
OBJDUMP='objdump'
OBJEXT='o'
OPT=''
OTOOL64=''
OTOOL=''
PACKAGE='libogg'
PACKAGE_BUGREPORT='ogg-dev@xiph.org'
PACKAGE_NAME='libogg'
PACKAGE_STRING='libogg 1.3.3'
PACKAGE_TARNAME='libogg'
PACKAGE_URL=''
PACKAGE_VERSION='1.3.3'
PATH_SEPARATOR=':'
PROFILE='-Wall -W -pg -g -O20 -ffast-math -fsigned-char -D__LIBRETRO__ -fPIC  -DUSE_LIBRETRO '
RANLIB='ranlib'
SED='/bin/sed'
SET_MAKE=''
SHELL='/bin/sh'
SIZE16='int16_t'
SIZE32='int32_t'
SIZE64='int64_t'
STRIP='strip'
USIZE16='uint16_t'
USIZE32='uint32_t'
VERSION='1.3.3'
ac_ct_AR='ar'
ac_ct_CC='ccache cc'
ac_ct_DUMPBIN=''
am__EXEEXT_FALSE=''
am__EXEEXT_TRUE='#'
am__fastdepCC_FALSE=''
am__fastdepCC_TRUE='#'
am__include='include'
am__isrc=''
am__leading_dot='.'
am__nodep=''
am__quote=''
am__tar='$${TAR-tar} chof - "$$tardir"'
am__untar='$${TAR-tar} xf -'
bindir='${exec_prefix}/bin'
build='x86_64-pc-linux-gnu'
build_alias=''
build_cpu='x86_64'
build_os='linux-gnu'
build_vendor='pc'
datadir='${datarootdir}'
datarootdir='${prefix}/share'
docdir='${datarootdir}/doc/${PACKAGE_TARNAME}'
dvidir='${docdir}'
exec_prefix='${prefix}'
host='x86_64-pc-linux-gnu'
host_alias=''
host_cpu='x86_64'
host_os='linux-gnu'
host_vendor='pc'
htmldir='${docdir}'
includedir='${prefix}/include'
infodir='${datarootdir}/info'
install_sh='${SHELL} /home/gabriel/Programmierung/easyrpg/easyrpg-libretro/lib/libogg-1.3.3/install-sh'
libdir='${exec_prefix}/lib'
libexecdir='${exec_prefix}/libexec'
localedir='${datarootdir}/locale'
localstatedir='${prefix}/var'
mandir='${datarootdir}/man'
mkdir_p='$(MKDIR_P)'
oldincludedir='/usr/include'
pdfdir='${docdir}'
prefix='/home/gabriel/Programmierung/easyrpg/easyrpg-libretro/lib'
program_transform_name='s,x,x,'
psdir='${docdir}'
sbindir='${exec_prefix}/sbin'
sharedstatedir='${prefix}/com'
sysconfdir='${prefix}/etc'
target_alias=''

## ----------- ##
## confdefs.h. ##
## ----------- ##

/* confdefs.h */
#define PACKAGE_NAME "libogg"
#define PACKAGE_TARNAME "libogg"
#define PACKAGE_VERSION "1.3.3"
#define PACKAGE_STRING "libogg 1.3.3"
#define PACKAGE_BUGREPORT "ogg-dev@xiph.org"
#define PACKAGE_URL ""
#define PACKAGE "libogg"
#define VERSION "1.3.3"
#define STDC_HEADERS 1
#define HAVE_SYS_TYPES_H 1
#define HAVE_SYS_STAT_H 1
#define HAVE_STDLIB_H 1
#define HAVE_STRING_H 1
#define HAVE_MEMORY_H 1
#define HAVE_STRINGS_H 1
#define HAVE_INTTYPES_H 1
#define HAVE_STDINT_H 1
#define HAVE_UNISTD_H 1
#define HAVE_DLFCN_H 1
#define LT_OBJDIR ".libs/"
#define STDC_HEADERS 1
#define SIZEOF_INT16_T 2
#define SIZEOF_UINT16_T 2
#define SIZEOF_U_INT16_T 2
#define SIZEOF_INT32_T 4
#define SIZEOF_UINT32_T 4
#define SIZEOF_U_INT32_T 4
#define SIZEOF_INT64_T 8
#define SIZEOF_SHORT 2
#define SIZEOF_INT 4
#define SIZEOF_LONG 8
#define SIZEOF_LONG_LONG 8

configure: exit 0
